<!--
 Licensed to the Apache Software Foundation (ASF) under one or more
 contributor license agreements.  See the NOTICE file distributed with
 this work for additional information regarding copyright ownership.
 The ASF licenses this file to You under the Apache License, Version 2.0
 (the "License"); you may not use this file except in compliance with
 the License.  You may obtain a copy of the License at

     http://www.apache.org/licenses/LICENSE-2.0

 Unless required by applicable law or agreed to in writing, software
 distributed under the License is distributed on an "AS IS" BASIS,
 WITHOUT WARRANTIES OR CONDITIONS OF ANY KIND, either express or implied.
 See the License for the specific language governing permissions and
 limitations under the License.
-->

<project name="mcf-test-build">

    <import file="../common-build.xml"/>
    
    <target name="clean">
        <delete dir="build"/>
        <delete dir="test-derby-output"/>
        <delete dir="test-postgresql-output"/>
        <delete dir="test-mysql-output"/>
        <delete dir="test-HSQLDB-output"/>
        <delete dir="test-HSQLDBext-output"/>
    </target>

    <path id="mcf-test-build.test-classpath">
        <fileset dir="../../framework/lib"> 
            <include name="*.jar"/> 
        </fileset>
        <fileset dir="../../framework/build/jar">
            <include name="*.jar"/>
        </fileset>
        <fileset dir="../../framework/build/test-jar">
            <include name="*.jar"/>
        </fileset>
        <fileset dir="../../connectors/${ant.project.name}/dist/lib">
            <include name="*.jar"/>
        </fileset>
        <fileset dir="../../connectors/${ant.project.name}/build/test-jar">
            <include name="*.jar"/>
        </fileset>
    </path>
    
    <path id="test-classpath">
        <path refid="mcf-test-build.test-classpath"/>
    </path>

    <target name="has-resources-check">
        <available file="src/main/resources" property="hasResources"/>
    </target>

    <target name="compile-test-resources" depends="has-resources-check" if="hasResources">
        <mkdir dir="build/test/classes"/>
        <copy todir="build/test/classes">
            <fileset dir="src/main/resources"/>
        </copy>
    </target>

    <target name="compile-tests" depends="compile-test-resources">
        <mkdir dir="build/test/classes"/>
        <javac srcdir="src/test/java" destdir="build/test/classes" target="1.5" source="1.5" debug="true" debuglevel="lines,vars,source">
            <classpath>
                <path refid="test-classpath"/>
            </classpath>
        </javac>
    </target>

    <target name="run-derby" depends="compile-tests"/>
    <target name="run-postgresql" depends="compile-tests"/>
    <target name="run-HSQLDB" depends="compile-tests"/>
    <target name="run-HSQLDBext" depends="compile-tests"/>
    <target name="run-mysql" depends="compile-tests"/>
    
    <target name="run-load-derby" depends="compile-tests"/>
    <target name="run-load-postgresql" depends="compile-tests"/>
    <target name="run-load-HSQLDB" depends="compile-tests"/>
    <target name="run-load-HSQLDBext" depends="compile-tests"/>
    <target name="run-load-mysql" depends="compile-tests"/>
    
    <target name="run-UI-derby" depends="compile-tests"/>
    <target name="run-UI-postgresql" depends="compile-tests"/>
    <target name="run-UI-HSQLDB" depends="compile-tests"/>
    <target name="run-UI-HSQLDBext" depends="compile-tests"/>
    <target name="run-UI-mysql" depends="compile-tests"/>
    
    <target name="all"/>
    
</project>
